mode: atomic
github.com/obra/git-rebase-extract-file/internal/git/git.go:17.44,19.2 1 0
github.com/obra/git-rebase-extract-file/internal/git/git.go:22.51,26.2 3 0
github.com/obra/git-rebase-extract-file/internal/git/git.go:29.64,34.16 4 0
github.com/obra/git-rebase-extract-file/internal/git/git.go:34.16,36.3 1 0
github.com/obra/git-rebase-extract-file/internal/git/git.go:38.2,38.28 1 0
github.com/obra/git-rebase-extract-file/main.go:29.13,31.2 1 0
github.com/obra/git-rebase-extract-file/main.go:33.49,39.16 4 0
github.com/obra/git-rebase-extract-file/main.go:39.16,41.3 1 0
github.com/obra/git-rebase-extract-file/main.go:43.2,45.12 2 0
github.com/obra/git-rebase-extract-file/main.go:45.12,47.17 2 0
github.com/obra/git-rebase-extract-file/main.go:47.17,49.4 1 0
github.com/obra/git-rebase-extract-file/main.go:50.3,51.13 2 0
github.com/obra/git-rebase-extract-file/main.go:54.2,54.47 1 0
github.com/obra/git-rebase-extract-file/main.go:58.13,59.42 1 0
github.com/obra/git-rebase-extract-file/main.go:59.42,62.3 2 0
github.com/obra/git-rebase-extract-file/internal/testutils/testutils.go:22.42,26.16 3 0
github.com/obra/git-rebase-extract-file/internal/testutils/testutils.go:26.16,28.3 1 0
github.com/obra/git-rebase-extract-file/internal/testutils/testutils.go:30.2,35.19 5 0
github.com/obra/git-rebase-extract-file/internal/testutils/testutils.go:35.19,37.3 1 0
github.com/obra/git-rebase-extract-file/internal/testutils/testutils.go:39.2,39.13 1 0
github.com/obra/git-rebase-extract-file/internal/testutils/testutils.go:43.52,49.47 4 0
github.com/obra/git-rebase-extract-file/internal/testutils/testutils.go:49.47,51.3 1 0
github.com/obra/git-rebase-extract-file/internal/testutils/testutils.go:53.2,53.70 1 0
github.com/obra/git-rebase-extract-file/internal/testutils/testutils.go:53.70,55.3 1 0
github.com/obra/git-rebase-extract-file/internal/testutils/testutils.go:59.50,66.16 5 0
github.com/obra/git-rebase-extract-file/internal/testutils/testutils.go:66.16,68.3 1 0
github.com/obra/git-rebase-extract-file/internal/testutils/testutils.go:70.2,70.34 1 0
github.com/obra/git-rebase-extract-file/internal/testutils/testutils.go:74.60,81.16 5 0
github.com/obra/git-rebase-extract-file/internal/testutils/testutils.go:81.16,83.3 1 0
github.com/obra/git-rebase-extract-file/internal/testutils/testutils.go:85.2,85.34 1 0
github.com/obra/git-rebase-extract-file/internal/testutils/testutils.go:89.59,93.16 3 0
github.com/obra/git-rebase-extract-file/internal/testutils/testutils.go:93.16,95.3 1 0
github.com/obra/git-rebase-extract-file/internal/testutils/testutils.go:97.2,97.15 1 0
github.com/obra/git-rebase-extract-file/internal/testutils/testutils.go:101.59,105.16 3 0
github.com/obra/git-rebase-extract-file/internal/testutils/testutils.go:105.16,107.3 1 0
github.com/obra/git-rebase-extract-file/internal/testutils/testutils.go:109.2,109.18 1 0
github.com/obra/git-rebase-extract-file/internal/testutils/testutils.go:109.18,111.3 1 0
github.com/obra/git-rebase-extract-file/internal/testutils/testutils.go:113.2,113.25 1 0
github.com/obra/git-rebase-extract-file/internal/testutils/testutils.go:117.43,123.34 4 0
github.com/obra/git-rebase-extract-file/internal/testutils/testutils.go:123.34,125.3 1 0
github.com/obra/git-rebase-extract-file/internal/testutils/testutils.go:129.62,134.16 4 0
github.com/obra/git-rebase-extract-file/internal/testutils/testutils.go:134.16,136.3 1 0
github.com/obra/git-rebase-extract-file/internal/testutils/testutils.go:138.2,138.47 1 0
github.com/obra/git-rebase-extract-file/internal/testutils/testutils.go:142.44,146.16 3 0
github.com/obra/git-rebase-extract-file/internal/testutils/testutils.go:146.16,148.3 1 0
github.com/obra/git-rebase-extract-file/internal/testutils/testutils.go:150.2,150.34 1 0
github.com/obra/git-rebase-extract-file/internal/rebase/rebase.go:30.56,35.2 1 7
github.com/obra/git-rebase-extract-file/internal/rebase/rebase.go:38.72,43.16 4 7
github.com/obra/git-rebase-extract-file/internal/rebase/rebase.go:43.16,45.3 1 0
github.com/obra/git-rebase-extract-file/internal/rebase/rebase.go:47.2,50.36 3 7
github.com/obra/git-rebase-extract-file/internal/rebase/rebase.go:50.36,52.17 2 10
github.com/obra/git-rebase-extract-file/internal/rebase/rebase.go:52.17,54.4 1 0
github.com/obra/git-rebase-extract-file/internal/rebase/rebase.go:55.3,55.36 1 10
github.com/obra/git-rebase-extract-file/internal/rebase/rebase.go:58.2,58.21 1 7
github.com/obra/git-rebase-extract-file/internal/rebase/rebase.go:62.67,67.16 4 10
github.com/obra/git-rebase-extract-file/internal/rebase/rebase.go:67.16,69.3 1 0
github.com/obra/git-rebase-extract-file/internal/rebase/rebase.go:72.2,75.16 4 10
github.com/obra/git-rebase-extract-file/internal/rebase/rebase.go:75.16,77.3 1 0
github.com/obra/git-rebase-extract-file/internal/rebase/rebase.go:79.2,85.29 4 10
github.com/obra/git-rebase-extract-file/internal/rebase/rebase.go:85.29,86.27 1 14
github.com/obra/git-rebase-extract-file/internal/rebase/rebase.go:86.27,88.4 1 6
github.com/obra/git-rebase-extract-file/internal/rebase/rebase.go:88.9,90.4 1 8
github.com/obra/git-rebase-extract-file/internal/rebase/rebase.go:93.2,98.8 1 10
github.com/obra/git-rebase-extract-file/internal/rebase/rebase.go:108.58,113.2 1 3
github.com/obra/git-rebase-extract-file/internal/rebase/rebase.go:116.61,119.16 3 1
github.com/obra/git-rebase-extract-file/internal/rebase/rebase.go:119.16,121.3 1 0
github.com/obra/git-rebase-extract-file/internal/rebase/rebase.go:124.2,125.33 2 1
github.com/obra/git-rebase-extract-file/internal/rebase/rebase.go:125.33,126.24 1 1
github.com/obra/git-rebase-extract-file/internal/rebase/rebase.go:126.24,128.4 1 1
github.com/obra/git-rebase-extract-file/internal/rebase/rebase.go:131.2,135.33 3 1
github.com/obra/git-rebase-extract-file/internal/rebase/rebase.go:135.33,136.24 1 1
github.com/obra/git-rebase-extract-file/internal/rebase/rebase.go:136.24,143.4 4 1
github.com/obra/git-rebase-extract-file/internal/rebase/rebase.go:146.2,146.29 1 1
github.com/obra/git-rebase-extract-file/internal/rebase/rebase.go:150.52,155.16 4 2
github.com/obra/git-rebase-extract-file/internal/rebase/rebase.go:155.16,157.3 1 0
github.com/obra/git-rebase-extract-file/internal/rebase/rebase.go:158.2,162.16 4 2
github.com/obra/git-rebase-extract-file/internal/rebase/rebase.go:162.16,164.3 1 0
github.com/obra/git-rebase-extract-file/internal/rebase/rebase.go:167.2,168.33 2 2
github.com/obra/git-rebase-extract-file/internal/rebase/rebase.go:168.33,169.24 1 2
github.com/obra/git-rebase-extract-file/internal/rebase/rebase.go:169.24,171.9 2 2
github.com/obra/git-rebase-extract-file/internal/rebase/rebase.go:175.2,175.16 1 2
github.com/obra/git-rebase-extract-file/internal/rebase/rebase.go:175.16,178.3 2 0
github.com/obra/git-rebase-extract-file/internal/rebase/rebase.go:181.2,182.16 2 2
github.com/obra/git-rebase-extract-file/internal/rebase/rebase.go:182.16,184.3 1 0
github.com/obra/git-rebase-extract-file/internal/rebase/rebase.go:187.2,191.12 4 2
github.com/obra/git-rebase-extract-file/internal/rebase/rebase.go:195.76,206.16 4 2
github.com/obra/git-rebase-extract-file/internal/rebase/rebase.go:206.16,208.3 1 0
github.com/obra/git-rebase-extract-file/internal/rebase/rebase.go:209.2,215.34 5 2
github.com/obra/git-rebase-extract-file/internal/rebase/rebase.go:215.34,217.3 1 0
github.com/obra/git-rebase-extract-file/internal/rebase/rebase.go:220.2,222.34 3 2
github.com/obra/git-rebase-extract-file/internal/rebase/rebase.go:222.34,224.3 1 0
github.com/obra/git-rebase-extract-file/internal/rebase/rebase.go:227.2,227.33 1 2
github.com/obra/git-rebase-extract-file/internal/rebase/rebase.go:227.33,228.48 1 3
github.com/obra/git-rebase-extract-file/internal/rebase/rebase.go:228.48,230.4 1 0
github.com/obra/git-rebase-extract-file/internal/rebase/rebase.go:233.2,233.12 1 2
github.com/obra/git-rebase-extract-file/internal/rebase/rebase.go:237.59,238.24 1 3
github.com/obra/git-rebase-extract-file/internal/rebase/rebase.go:238.24,243.3 3 1
github.com/obra/git-rebase-extract-file/internal/rebase/rebase.go:246.2,246.30 1 2
github.com/obra/git-rebase-extract-file/internal/rebase/rebase.go:250.58,254.34 3 2
github.com/obra/git-rebase-extract-file/internal/rebase/rebase.go:254.34,256.3 1 0
github.com/obra/git-rebase-extract-file/internal/rebase/rebase.go:259.2,261.34 3 2
github.com/obra/git-rebase-extract-file/internal/rebase/rebase.go:261.34,263.3 1 0
github.com/obra/git-rebase-extract-file/internal/rebase/rebase.go:266.2,269.34 4 2
github.com/obra/git-rebase-extract-file/internal/rebase/rebase.go:269.34,271.3 1 0
github.com/obra/git-rebase-extract-file/internal/rebase/rebase.go:274.2,276.34 3 2
github.com/obra/git-rebase-extract-file/internal/rebase/rebase.go:276.34,278.3 1 0
github.com/obra/git-rebase-extract-file/internal/rebase/rebase.go:280.2,282.34 3 2
github.com/obra/git-rebase-extract-file/internal/rebase/rebase.go:282.34,284.3 1 0
github.com/obra/git-rebase-extract-file/internal/rebase/rebase.go:286.2,286.12 1 2
github.com/obra/git-rebase-extract-file/internal/rebase/rebase.go:290.74,298.2 3 5
