mode: atomic
github.com/obra/git-rebase-extract-file/main.go:29.13,31.2 1 0
github.com/obra/git-rebase-extract-file/main.go:33.49,39.16 4 0
github.com/obra/git-rebase-extract-file/main.go:39.16,41.3 1 0
github.com/obra/git-rebase-extract-file/main.go:43.2,45.12 2 0
github.com/obra/git-rebase-extract-file/main.go:45.12,47.17 2 0
github.com/obra/git-rebase-extract-file/main.go:47.17,49.4 1 0
github.com/obra/git-rebase-extract-file/main.go:50.3,51.13 2 0
github.com/obra/git-rebase-extract-file/main.go:54.2,54.47 1 0
github.com/obra/git-rebase-extract-file/main.go:58.13,59.42 1 0
github.com/obra/git-rebase-extract-file/main.go:59.42,62.3 2 0
github.com/obra/git-rebase-extract-file/internal/git/git.go:17.44,19.2 1 0
github.com/obra/git-rebase-extract-file/internal/git/git.go:22.51,26.2 3 0
github.com/obra/git-rebase-extract-file/internal/git/git.go:29.64,34.16 4 0
github.com/obra/git-rebase-extract-file/internal/git/git.go:34.16,36.3 1 0
github.com/obra/git-rebase-extract-file/internal/git/git.go:38.2,38.28 1 0
github.com/obra/git-rebase-extract-file/internal/testutils/testutils.go:22.42,26.16 3 0
github.com/obra/git-rebase-extract-file/internal/testutils/testutils.go:26.16,28.3 1 0
github.com/obra/git-rebase-extract-file/internal/testutils/testutils.go:30.2,35.19 5 0
github.com/obra/git-rebase-extract-file/internal/testutils/testutils.go:35.19,37.3 1 0
github.com/obra/git-rebase-extract-file/internal/testutils/testutils.go:39.2,39.13 1 0
github.com/obra/git-rebase-extract-file/internal/testutils/testutils.go:43.52,49.47 4 0
github.com/obra/git-rebase-extract-file/internal/testutils/testutils.go:49.47,51.3 1 0
github.com/obra/git-rebase-extract-file/internal/testutils/testutils.go:53.2,53.70 1 0
github.com/obra/git-rebase-extract-file/internal/testutils/testutils.go:53.70,55.3 1 0
github.com/obra/git-rebase-extract-file/internal/testutils/testutils.go:59.50,66.16 5 0
github.com/obra/git-rebase-extract-file/internal/testutils/testutils.go:66.16,68.3 1 0
github.com/obra/git-rebase-extract-file/internal/testutils/testutils.go:70.2,70.34 1 0
github.com/obra/git-rebase-extract-file/internal/testutils/testutils.go:74.60,81.16 5 0
github.com/obra/git-rebase-extract-file/internal/testutils/testutils.go:81.16,83.3 1 0
github.com/obra/git-rebase-extract-file/internal/testutils/testutils.go:85.2,85.34 1 0
github.com/obra/git-rebase-extract-file/internal/testutils/testutils.go:89.59,93.16 3 0
github.com/obra/git-rebase-extract-file/internal/testutils/testutils.go:93.16,95.3 1 0
github.com/obra/git-rebase-extract-file/internal/testutils/testutils.go:97.2,97.15 1 0
github.com/obra/git-rebase-extract-file/internal/testutils/testutils.go:101.59,105.16 3 0
github.com/obra/git-rebase-extract-file/internal/testutils/testutils.go:105.16,107.3 1 0
github.com/obra/git-rebase-extract-file/internal/testutils/testutils.go:109.2,109.18 1 0
github.com/obra/git-rebase-extract-file/internal/testutils/testutils.go:109.18,111.3 1 0
github.com/obra/git-rebase-extract-file/internal/testutils/testutils.go:113.2,113.25 1 0
github.com/obra/git-rebase-extract-file/internal/testutils/testutils.go:117.43,123.34 4 0
github.com/obra/git-rebase-extract-file/internal/testutils/testutils.go:123.34,125.3 1 0
github.com/obra/git-rebase-extract-file/internal/testutils/testutils.go:129.62,134.16 4 0
github.com/obra/git-rebase-extract-file/internal/testutils/testutils.go:134.16,136.3 1 0
github.com/obra/git-rebase-extract-file/internal/testutils/testutils.go:138.2,138.47 1 0
github.com/obra/git-rebase-extract-file/internal/rebase/rebase.go:30.56,35.2 1 6
github.com/obra/git-rebase-extract-file/internal/rebase/rebase.go:38.72,43.16 4 6
github.com/obra/git-rebase-extract-file/internal/rebase/rebase.go:43.16,45.3 1 0
github.com/obra/git-rebase-extract-file/internal/rebase/rebase.go:47.2,50.36 3 6
github.com/obra/git-rebase-extract-file/internal/rebase/rebase.go:50.36,52.17 2 9
github.com/obra/git-rebase-extract-file/internal/rebase/rebase.go:52.17,54.4 1 0
github.com/obra/git-rebase-extract-file/internal/rebase/rebase.go:55.3,55.36 1 9
github.com/obra/git-rebase-extract-file/internal/rebase/rebase.go:58.2,58.21 1 6
github.com/obra/git-rebase-extract-file/internal/rebase/rebase.go:62.67,67.16 4 9
github.com/obra/git-rebase-extract-file/internal/rebase/rebase.go:67.16,69.3 1 0
github.com/obra/git-rebase-extract-file/internal/rebase/rebase.go:72.2,75.16 4 9
github.com/obra/git-rebase-extract-file/internal/rebase/rebase.go:75.16,77.3 1 0
github.com/obra/git-rebase-extract-file/internal/rebase/rebase.go:79.2,85.29 4 9
github.com/obra/git-rebase-extract-file/internal/rebase/rebase.go:85.29,86.27 1 12
github.com/obra/git-rebase-extract-file/internal/rebase/rebase.go:86.27,88.4 1 5
github.com/obra/git-rebase-extract-file/internal/rebase/rebase.go:88.9,90.4 1 7
github.com/obra/git-rebase-extract-file/internal/rebase/rebase.go:93.2,98.8 1 9
github.com/obra/git-rebase-extract-file/internal/rebase/rebase.go:108.58,113.2 1 2
github.com/obra/git-rebase-extract-file/internal/rebase/rebase.go:116.61,119.16 3 1
github.com/obra/git-rebase-extract-file/internal/rebase/rebase.go:119.16,121.3 1 0
github.com/obra/git-rebase-extract-file/internal/rebase/rebase.go:124.2,125.33 2 1
github.com/obra/git-rebase-extract-file/internal/rebase/rebase.go:125.33,126.24 1 1
github.com/obra/git-rebase-extract-file/internal/rebase/rebase.go:126.24,128.4 1 1
github.com/obra/git-rebase-extract-file/internal/rebase/rebase.go:131.2,135.33 3 1
github.com/obra/git-rebase-extract-file/internal/rebase/rebase.go:135.33,136.24 1 1
github.com/obra/git-rebase-extract-file/internal/rebase/rebase.go:136.24,143.4 4 1
github.com/obra/git-rebase-extract-file/internal/rebase/rebase.go:146.2,146.29 1 1
github.com/obra/git-rebase-extract-file/internal/rebase/rebase.go:150.52,153.16 3 1
github.com/obra/git-rebase-extract-file/internal/rebase/rebase.go:153.16,155.3 1 0
github.com/obra/git-rebase-extract-file/internal/rebase/rebase.go:158.2,159.33 2 1
github.com/obra/git-rebase-extract-file/internal/rebase/rebase.go:159.33,160.24 1 1
github.com/obra/git-rebase-extract-file/internal/rebase/rebase.go:160.24,162.9 2 1
github.com/obra/git-rebase-extract-file/internal/rebase/rebase.go:166.2,166.16 1 1
github.com/obra/git-rebase-extract-file/internal/rebase/rebase.go:166.16,169.3 2 0
github.com/obra/git-rebase-extract-file/internal/rebase/rebase.go:172.2,172.39 1 1
github.com/obra/git-rebase-extract-file/internal/rebase/rebase.go:176.76,187.16 4 1
github.com/obra/git-rebase-extract-file/internal/rebase/rebase.go:187.16,189.3 1 0
github.com/obra/git-rebase-extract-file/internal/rebase/rebase.go:190.2,196.34 5 1
github.com/obra/git-rebase-extract-file/internal/rebase/rebase.go:196.34,198.3 1 0
github.com/obra/git-rebase-extract-file/internal/rebase/rebase.go:201.2,203.34 3 1
github.com/obra/git-rebase-extract-file/internal/rebase/rebase.go:203.34,205.3 1 0
github.com/obra/git-rebase-extract-file/internal/rebase/rebase.go:208.2,208.33 1 1
github.com/obra/git-rebase-extract-file/internal/rebase/rebase.go:208.33,209.48 1 2
github.com/obra/git-rebase-extract-file/internal/rebase/rebase.go:209.48,211.4 1 0
github.com/obra/git-rebase-extract-file/internal/rebase/rebase.go:214.2,214.12 1 1
github.com/obra/git-rebase-extract-file/internal/rebase/rebase.go:218.59,219.24 1 2
github.com/obra/git-rebase-extract-file/internal/rebase/rebase.go:219.24,224.3 3 1
github.com/obra/git-rebase-extract-file/internal/rebase/rebase.go:227.2,227.30 1 1
github.com/obra/git-rebase-extract-file/internal/rebase/rebase.go:231.58,235.34 3 1
github.com/obra/git-rebase-extract-file/internal/rebase/rebase.go:235.34,237.3 1 0
github.com/obra/git-rebase-extract-file/internal/rebase/rebase.go:240.2,242.34 3 1
github.com/obra/git-rebase-extract-file/internal/rebase/rebase.go:242.34,244.3 1 0
github.com/obra/git-rebase-extract-file/internal/rebase/rebase.go:247.2,250.34 4 1
github.com/obra/git-rebase-extract-file/internal/rebase/rebase.go:250.34,252.3 1 0
github.com/obra/git-rebase-extract-file/internal/rebase/rebase.go:255.2,257.34 3 1
github.com/obra/git-rebase-extract-file/internal/rebase/rebase.go:257.34,259.3 1 0
github.com/obra/git-rebase-extract-file/internal/rebase/rebase.go:261.2,263.34 3 1
github.com/obra/git-rebase-extract-file/internal/rebase/rebase.go:263.34,265.3 1 0
github.com/obra/git-rebase-extract-file/internal/rebase/rebase.go:267.2,267.12 1 1
github.com/obra/git-rebase-extract-file/internal/rebase/rebase.go:271.74,279.2 3 4
